<?xml version="1.0" encoding="UTF-8"?>
<!-- Generated by org.testng.reporters.JUnitXMLReporter -->
<testsuite hostname="Lumen" name="Default test" tests="1" failures="1" timestamp="16 Apr 2015 05:53:45 GMT" time="47.738" errors="0">
  <testcase name="testUntitled" time="47.722" classname="Selenium.java.LoginPageTest">
    <failure type="org.openqa.selenium.WebDriverException" message="Failed to connect to binary FirefoxBinary(C:\Program Files (x86)\Mozilla Firefox\firefox.exe) on port 7055; process output follows: 
9163579949	DeferredSave.extensions.json	DEBUG	Starting write
1429163579956	addons.manager	DEBUG	shutdown
1429163579956	addons.manager	DEBUG	Calling shutdown blocker for XPIProvider
1429163579956	addons.xpi	DEBUG	shutdown
1429163579957	addons.xpi-utils	DEBUG	shutdown
1429163579957	addons.manager	DEBUG	Calling shutdown blocker for LightweightThemeManager
1429163579957	addons.manager	DEBUG	Calling shutdown blocker for GMPProvider
1429163579958	addons.manager	DEBUG	Calling shutdown blocker for PluginProvider
1429163580163	DeferredSave.extensions.json	DEBUG	Write succeeded
1429163580163	addons.xpi-utils	DEBUG	XPI Database saved, setting schema version preference to 16
1429163580164	addons.xpi	DEBUG	Notifying XPI shutdown observers
1429163580168	addons.manager	DEBUG	Async provider shutdown done
1429163580581	addons.manager	DEBUG	Loaded provider scope for resource://gre/modules/addons/XPIProvider.jsm: [&amp;quot;XPIProvider&amp;quot;]
1429163580582	addons.manager	DEBUG	Loaded provider scope for resource://gre/modules/LightweightThemeManager.jsm: [&amp;quot;LightweightThemeManager&amp;quot;]
1429163580583	addons.xpi	DEBUG	startup
1429163580584	addons.xpi	INFO	Mapping fxdriver@googlecode.com to C:\Users\ILYA\AppData\Local\Temp\anonymous523582415360323992webdriver-profile\extensions\fxdriver@googlecode.com
1429163580584	addons.xpi	DEBUG	Ignoring file entry whose name is not a valid add-on ID: C:\Users\ILYA\AppData\Local\Temp\anonymous523582415360323992webdriver-profile\extensions\webdriver-staging
1429163580584	addons.xpi	INFO	Mapping {972ce4c6-7e08-4474-a285-3208198ce6fd} to C:\Program Files (x86)\Mozilla Firefox\browser\extensions\{972ce4c6-7e08-4474-a285-3208198ce6fd}
1429163580584	addons.xpi	DEBUG	Skipping unavailable install location app-system-share
1429163580585	addons.xpi	DEBUG	Skipping unavailable install location app-system-local
1429163580585	addons.xpi	DEBUG	checkForChanges
1429163580585	addons.xpi	DEBUG	Loaded add-on state from prefs: {&amp;quot;app-profile&amp;quot;:{&amp;quot;fxdriver@googlecode.com&amp;quot;:{&amp;quot;d&amp;quot;:&amp;quot;C:\\Users\\ILYA\\AppData\\Local\\Temp\\anonymous523582415360323992webdriver-profile\\extensions\\fxdriver@googlecode.com&amp;quot;,&amp;quot;e&amp;quot;:true,&amp;quot;v&amp;quot;:&amp;quot;2.43.1&amp;quot;,&amp;quot;st&amp;quot;:1429163579048,&amp;quot;mt&amp;quot;:1429163578933}},&amp;quot;app-global&amp;quot;:{&amp;quot;{972ce4c6-7e08-4474-a285-3208198ce6fd}&amp;quot;:{&amp;quot;d&amp;quot;:&amp;quot;C:\\Program Files (x86)\\Mozilla Firefox\\browser\\extensions\\{972ce4c6-7e08-4474-a285-3208198ce6fd}&amp;quot;,&amp;quot;e&amp;quot;:true,&amp;quot;v&amp;quot;:&amp;quot;37.0.1&amp;quot;,&amp;quot;st&amp;quot;:1429037746560,&amp;quot;mt&amp;quot;:1428033983000}}}
1429163580585	addons.xpi	DEBUG	getModTime: Recursive scan of fxdriver@googlecode.com
1429163580589	addons.xpi	DEBUG	getModTime: Recursive scan of {972ce4c6-7e08-4474-a285-3208198ce6fd}
1429163580589	addons.xpi	DEBUG	getInstallState changed: false, state: {&amp;quot;app-profile&amp;quot;:{&amp;quot;fxdriver@googlecode.com&amp;quot;:{&amp;quot;d&amp;quot;:&amp;quot;C:\\Users\\ILYA\\AppData\\Local\\Temp\\anonymous523582415360323992webdriver-profile\\extensions\\fxdriver@googlecode.com&amp;quot;,&amp;quot;e&amp;quot;:true,&amp;quot;v&amp;quot;:&amp;quot;2.43.1&amp;quot;,&amp;quot;st&amp;quot;:1429163579048,&amp;quot;mt&amp;quot;:1429163578933}},&amp;quot;app-global&amp;quot;:{&amp;quot;{972ce4c6-7e08-4474-a285-3208198ce6fd}&amp;quot;:{&amp;quot;d&amp;quot;:&amp;quot;C:\\Program Files (x86)\\Mozilla Firefox\\browser\\extensions\\{972ce4c6-7e08-4474-a285-3208198ce6fd}&amp;quot;,&amp;quot;e&amp;quot;:true,&amp;quot;v&amp;quot;:&amp;quot;37.0.1&amp;quot;,&amp;quot;st&amp;quot;:1429037746560,&amp;quot;mt&amp;quot;:1428033983000}}}
1429163580590	addons.xpi	DEBUG	No changes found
1429163580592	addons.manager	DEBUG	Registering shutdown blocker for XPIProvider
1429163580592	addons.manager	DEBUG	Registering shutdown blocker for LightweightThemeManager
1429163580593	addons.manager	DEBUG	Registering shutdown blocker for GMPProvider
1429163580593	addons.manager	DEBUG	Registering shutdown blocker for PluginProvider
JavaScript error: file:///C:/Users/ILYA/AppData/Local/Temp/anonymous523582415360323992webdriver-profile/extensions/fxdriver@googlecode.com/components/driver-component.js, line 11464: TypeError: this.server_ is undefined
JavaScript error: chrome://fxdriver/content/server.js, line 38: NS_ERROR_XPC_CI_RETURNED_FAILURE: Component returned failure code: 0x80570015 (NS_ERROR_XPC_CI_RETURNED_FAILURE) [nsIJSCID.createInstance]
*** Blocklist::_preloadBlocklistFile: blocklist is disabled
1429163581280	addons.manager	DEBUG	Registering shutdown blocker for &amp;lt;unnamed-provider&amp;gt;

Build info: version: &amp;apos;2.43.1&amp;apos;, revision: &amp;apos;5163bceef1bc36d43f3dc0b83c88998168a363a0&amp;apos;, time: &amp;apos;2014-09-10 09:43:55&amp;apos;
System info: host: &amp;apos;Lumen&amp;apos;, ip: &amp;apos;192.168.1.3&amp;apos;, os.name: &amp;apos;Windows 8.1&amp;apos;, os.arch: &amp;apos;amd64&amp;apos;, os.version: &amp;apos;6.3&amp;apos;, java.version: &amp;apos;1.8.0_31&amp;apos;
Driver info: driver.version: FirefoxDriver">
      <![CDATA[org.openqa.selenium.WebDriverException: Failed to connect to binary FirefoxBinary(C:\Program Files (x86)\Mozilla Firefox\firefox.exe) on port 7055; process output follows: 
9163579949	DeferredSave.extensions.json	DEBUG	Starting write
1429163579956	addons.manager	DEBUG	shutdown
1429163579956	addons.manager	DEBUG	Calling shutdown blocker for XPIProvider
1429163579956	addons.xpi	DEBUG	shutdown
1429163579957	addons.xpi-utils	DEBUG	shutdown
1429163579957	addons.manager	DEBUG	Calling shutdown blocker for LightweightThemeManager
1429163579957	addons.manager	DEBUG	Calling shutdown blocker for GMPProvider
1429163579958	addons.manager	DEBUG	Calling shutdown blocker for PluginProvider
1429163580163	DeferredSave.extensions.json	DEBUG	Write succeeded
1429163580163	addons.xpi-utils	DEBUG	XPI Database saved, setting schema version preference to 16
1429163580164	addons.xpi	DEBUG	Notifying XPI shutdown observers
1429163580168	addons.manager	DEBUG	Async provider shutdown done
1429163580581	addons.manager	DEBUG	Loaded provider scope for resource://gre/modules/addons/XPIProvider.jsm: ["XPIProvider"]
1429163580582	addons.manager	DEBUG	Loaded provider scope for resource://gre/modules/LightweightThemeManager.jsm: ["LightweightThemeManager"]
1429163580583	addons.xpi	DEBUG	startup
1429163580584	addons.xpi	INFO	Mapping fxdriver@googlecode.com to C:\Users\ILYA\AppData\Local\Temp\anonymous523582415360323992webdriver-profile\extensions\fxdriver@googlecode.com
1429163580584	addons.xpi	DEBUG	Ignoring file entry whose name is not a valid add-on ID: C:\Users\ILYA\AppData\Local\Temp\anonymous523582415360323992webdriver-profile\extensions\webdriver-staging
1429163580584	addons.xpi	INFO	Mapping {972ce4c6-7e08-4474-a285-3208198ce6fd} to C:\Program Files (x86)\Mozilla Firefox\browser\extensions\{972ce4c6-7e08-4474-a285-3208198ce6fd}
1429163580584	addons.xpi	DEBUG	Skipping unavailable install location app-system-share
1429163580585	addons.xpi	DEBUG	Skipping unavailable install location app-system-local
1429163580585	addons.xpi	DEBUG	checkForChanges
1429163580585	addons.xpi	DEBUG	Loaded add-on state from prefs: {"app-profile":{"fxdriver@googlecode.com":{"d":"C:\\Users\\ILYA\\AppData\\Local\\Temp\\anonymous523582415360323992webdriver-profile\\extensions\\fxdriver@googlecode.com","e":true,"v":"2.43.1","st":1429163579048,"mt":1429163578933}},"app-global":{"{972ce4c6-7e08-4474-a285-3208198ce6fd}":{"d":"C:\\Program Files (x86)\\Mozilla Firefox\\browser\\extensions\\{972ce4c6-7e08-4474-a285-3208198ce6fd}","e":true,"v":"37.0.1","st":1429037746560,"mt":1428033983000}}}
1429163580585	addons.xpi	DEBUG	getModTime: Recursive scan of fxdriver@googlecode.com
1429163580589	addons.xpi	DEBUG	getModTime: Recursive scan of {972ce4c6-7e08-4474-a285-3208198ce6fd}
1429163580589	addons.xpi	DEBUG	getInstallState changed: false, state: {"app-profile":{"fxdriver@googlecode.com":{"d":"C:\\Users\\ILYA\\AppData\\Local\\Temp\\anonymous523582415360323992webdriver-profile\\extensions\\fxdriver@googlecode.com","e":true,"v":"2.43.1","st":1429163579048,"mt":1429163578933}},"app-global":{"{972ce4c6-7e08-4474-a285-3208198ce6fd}":{"d":"C:\\Program Files (x86)\\Mozilla Firefox\\browser\\extensions\\{972ce4c6-7e08-4474-a285-3208198ce6fd}","e":true,"v":"37.0.1","st":1429037746560,"mt":1428033983000}}}
1429163580590	addons.xpi	DEBUG	No changes found
1429163580592	addons.manager	DEBUG	Registering shutdown blocker for XPIProvider
1429163580592	addons.manager	DEBUG	Registering shutdown blocker for LightweightThemeManager
1429163580593	addons.manager	DEBUG	Registering shutdown blocker for GMPProvider
1429163580593	addons.manager	DEBUG	Registering shutdown blocker for PluginProvider
JavaScript error: file:///C:/Users/ILYA/AppData/Local/Temp/anonymous523582415360323992webdriver-profile/extensions/fxdriver@googlecode.com/components/driver-component.js, line 11464: TypeError: this.server_ is undefined
JavaScript error: chrome://fxdriver/content/server.js, line 38: NS_ERROR_XPC_CI_RETURNED_FAILURE: Component returned failure code: 0x80570015 (NS_ERROR_XPC_CI_RETURNED_FAILURE) [nsIJSCID.createInstance]
*** Blocklist::_preloadBlocklistFile: blocklist is disabled
1429163581280	addons.manager	DEBUG	Registering shutdown blocker for <unnamed-provider>

Build info: version: '2.43.1', revision: '5163bceef1bc36d43f3dc0b83c88998168a363a0', time: '2014-09-10 09:43:55'
System info: host: 'Lumen', ip: '192.168.1.3', os.name: 'Windows 8.1', os.arch: 'amd64', os.version: '6.3', java.version: '1.8.0_31'
Driver info: driver.version: FirefoxDriver
	at org.openqa.selenium.firefox.internal.NewProfileExtensionConnection.start(NewProfileExtensionConnection.java:130)
	at org.openqa.selenium.firefox.FirefoxDriver.startClient(FirefoxDriver.java:246)
	at org.openqa.selenium.remote.RemoteWebDriver.<init>(RemoteWebDriver.java:114)
	at org.openqa.selenium.firefox.FirefoxDriver.<init>(FirefoxDriver.java:191)
	at org.openqa.selenium.firefox.FirefoxDriver.<init>(FirefoxDriver.java:186)
	at org.openqa.selenium.firefox.FirefoxDriver.<init>(FirefoxDriver.java:182)
	at org.openqa.selenium.firefox.FirefoxDriver.<init>(FirefoxDriver.java:95)
	at Selenium.java.LoginPageTest.testUntitled(LoginPageTest.java:19)
	at sun.reflect.NativeMethodAccessorImpl.invoke0(Native Method)
	at sun.reflect.NativeMethodAccessorImpl.invoke(Unknown Source)
	at sun.reflect.DelegatingMethodAccessorImpl.invoke(Unknown Source)
	at java.lang.reflect.Method.invoke(Unknown Source)
	at org.testng.internal.MethodInvocationHelper.invokeMethod(MethodInvocationHelper.java:84)
	at org.testng.internal.Invoker.invokeMethod(Invoker.java:714)
	at org.testng.internal.Invoker.invokeTestMethod(Invoker.java:901)
	at org.testng.internal.Invoker.invokeTestMethods(Invoker.java:1231)
	at org.testng.internal.TestMethodWorker.invokeTestMethods(TestMethodWorker.java:127)
	at org.testng.internal.TestMethodWorker.run(TestMethodWorker.java:111)
	at org.testng.TestRunner.privateRun(TestRunner.java:767)
	at org.testng.TestRunner.run(TestRunner.java:617)
	at org.testng.SuiteRunner.runTest(SuiteRunner.java:334)
	at org.testng.SuiteRunner.runSequentially(SuiteRunner.java:329)
	at org.testng.SuiteRunner.privateRun(SuiteRunner.java:291)
	at org.testng.SuiteRunner.run(SuiteRunner.java:240)
	at org.testng.SuiteRunnerWorker.runSuite(SuiteRunnerWorker.java:52)
	at org.testng.SuiteRunnerWorker.run(SuiteRunnerWorker.java:86)
	at org.testng.TestNG.runSuitesSequentially(TestNG.java:1224)
	at org.testng.TestNG.runSuitesLocally(TestNG.java:1149)
	at org.testng.TestNG.run(TestNG.java:1057)
	at org.testng.remote.RemoteTestNG.run(RemoteTestNG.java:111)
	at org.testng.remote.RemoteTestNG.initAndRun(RemoteTestNG.java:204)
	at org.testng.remote.RemoteTestNG.main(RemoteTestNG.java:175)
Caused by: org.openqa.selenium.firefox.NotConnectedException: Unable to connect to host 127.0.0.1 on port 7055 after 45000 ms. Firefox console output:
9163579949	DeferredSave.extensions.json	DEBUG	Starting write
1429163579956	addons.manager	DEBUG	shutdown
1429163579956	addons.manager	DEBUG	Calling shutdown blocker for XPIProvider
1429163579956	addons.xpi	DEBUG	shutdown
1429163579957	addons.xpi-utils	DEBUG	shutdown
1429163579957	addons.manager	DEBUG	Calling shutdown blocker for LightweightThemeManager
1429163579957	addons.manager	DEBUG	Calling shutdown blocker for GMPProvider
1429163579958	addons.manager	DEBUG	Calling shutdown blocker for PluginProvider
1429163580163	DeferredSave.extensions.json	DEBUG	Write succeeded
1429163580163	addons.xpi-utils	DEBUG	XPI Database saved, setting schema version preference to 16
1429163580164	addons.xpi	DEBUG	Notifying XPI shutdown observers
1429163580168	addons.manager	DEBUG	Async provider shutdown done
1429163580581	addons.manager	DEBUG	Loaded provider scope for resource://gre/modules/addons/XPIProvider.jsm: ["XPIProvider"]
1429163580582	addons.manager	DEBUG	Loaded provider scope for resource://gre/modules/LightweightThemeManager.jsm: ["LightweightThemeManager"]
1429163580583	addons.xpi	DEBUG	startup
1429163580584	addons.xpi	INFO	Mapping fxdriver@googlecode.com to C:\Users\ILYA\AppData\Local\Temp\anonymous523582415360323992webdriver-profile\extensions\fxdriver@googlecode.com
1429163580584	addons.xpi	DEBUG	Ignoring file entry whose name is not a valid add-on ID: C:\Users\ILYA\AppData\Local\Temp\anonymous523582415360323992webdriver-profile\extensions\webdriver-staging
1429163580584	addons.xpi	INFO	Mapping {972ce4c6-7e08-4474-a285-3208198ce6fd} to C:\Program Files (x86)\Mozilla Firefox\browser\extensions\{972ce4c6-7e08-4474-a285-3208198ce6fd}
1429163580584	addons.xpi	DEBUG	Skipping unavailable install location app-system-share
1429163580585	addons.xpi	DEBUG	Skipping unavailable install location app-system-local
1429163580585	addons.xpi	DEBUG	checkForChanges
1429163580585	addons.xpi	DEBUG	Loaded add-on state from prefs: {"app-profile":{"fxdriver@googlecode.com":{"d":"C:\\Users\\ILYA\\AppData\\Local\\Temp\\anonymous523582415360323992webdriver-profile\\extensions\\fxdriver@googlecode.com","e":true,"v":"2.43.1","st":1429163579048,"mt":1429163578933}},"app-global":{"{972ce4c6-7e08-4474-a285-3208198ce6fd}":{"d":"C:\\Program Files (x86)\\Mozilla Firefox\\browser\\extensions\\{972ce4c6-7e08-4474-a285-3208198ce6fd}","e":true,"v":"37.0.1","st":1429037746560,"mt":1428033983000}}}
1429163580585	addons.xpi	DEBUG	getModTime: Recursive scan of fxdriver@googlecode.com
1429163580589	addons.xpi	DEBUG	getModTime: Recursive scan of {972ce4c6-7e08-4474-a285-3208198ce6fd}
1429163580589	addons.xpi	DEBUG	getInstallState changed: false, state: {"app-profile":{"fxdriver@googlecode.com":{"d":"C:\\Users\\ILYA\\AppData\\Local\\Temp\\anonymous523582415360323992webdriver-profile\\extensions\\fxdriver@googlecode.com","e":true,"v":"2.43.1","st":1429163579048,"mt":1429163578933}},"app-global":{"{972ce4c6-7e08-4474-a285-3208198ce6fd}":{"d":"C:\\Program Files (x86)\\Mozilla Firefox\\browser\\extensions\\{972ce4c6-7e08-4474-a285-3208198ce6fd}","e":true,"v":"37.0.1","st":1429037746560,"mt":1428033983000}}}
1429163580590	addons.xpi	DEBUG	No changes found
1429163580592	addons.manager	DEBUG	Registering shutdown blocker for XPIProvider
1429163580592	addons.manager	DEBUG	Registering shutdown blocker for LightweightThemeManager
1429163580593	addons.manager	DEBUG	Registering shutdown blocker for GMPProvider
1429163580593	addons.manager	DEBUG	Registering shutdown blocker for PluginProvider
JavaScript error: file:///C:/Users/ILYA/AppData/Local/Temp/anonymous523582415360323992webdriver-profile/extensions/fxdriver@googlecode.com/components/driver-component.js, line 11464: TypeError: this.server_ is undefined
JavaScript error: chrome://fxdriver/content/server.js, line 38: NS_ERROR_XPC_CI_RETURNED_FAILURE: Component returned failure code: 0x80570015 (NS_ERROR_XPC_CI_RETURNED_FAILURE) [nsIJSCID.createInstance]
*** Blocklist::_preloadBlocklistFile: blocklist is disabled
1429163581280	addons.manager	DEBUG	Registering shutdown blocker for <unnamed-provider>

	at org.openqa.selenium.firefox.internal.NewProfileExtensionConnection.start(NewProfileExtensionConnection.java:118)
	... 31 more
]]>
    </failure>
  </testcase> <!-- testUntitled -->
</testsuite> <!-- Default test -->
