<?xml version="1.0" encoding="UTF-8"?>
<testng-results skipped="0" failed="0" total="0" passed="0">
  <reporter-output>
  </reporter-output>
  <suite name="Tests" duration-ms="0" started-at="2015-04-16T06:03:44Z" finished-at="2015-04-16T06:03:44Z">
    <groups>
    </groups>
    <test name="Test1" duration-ms="0" started-at="2015-04-16T06:03:44Z" finished-at="2015-04-16T06:03:44Z">
      <class name="IKalinin.pages.HomePageTest">
        <test-method status="PASS" signature="tearDown()[pri:0, instance:IKalinin.pages.HomePageTest@19dfb72a]" name="tearDown" is-config="true" duration-ms="0" started-at="2015-04-16T09:03:44Z" finished-at="2015-04-16T09:03:44Z">
          <reporter-output>
          </reporter-output>
        </test-method> <!-- tearDown -->
      </class> <!-- IKalinin.pages.HomePageTest -->
    </test> <!-- Test1 -->
  </suite> <!-- Tests -->
</testng-results>
